\BOOKMARK [0][-]{chapter.1}{Das Erdbeben aus Chili}{}% 1
\BOOKMARK [1][-]{section.1.1}{Einleitung}{chapter.1}% 2
\BOOKMARK [1][-]{section.1.2}{Gruppe 1}{chapter.1}% 3
\BOOKMARK [2][-]{subsection.1.2.1}{Der Weg zur Trib\374ne I}{section.1.2}% 4
\BOOKMARK [2][-]{subsection.1.2.2}{Die Gasse}{section.1.2}% 5
\BOOKMARK [2][-]{subsection.1.2.3}{Der Weg zur Trib\374ne II}{section.1.2}% 6
\BOOKMARK [2][-]{subsection.1.2.4}{Der H\344ndedruck}{section.1.2}% 7
\BOOKMARK [2][-]{subsection.1.2.5}{Der Weg zur Trib\374ne III}{section.1.2}% 8
\BOOKMARK [2][-]{subsection.1.2.6}{Die Ansprache}{section.1.2}% 9
\BOOKMARK [2][-]{subsection.1.2.7}{Weg zur Eroberung}{section.1.2}% 10
\BOOKMARK [2][-]{subsection.1.2.8}{Die Eroberung}{section.1.2}% 11
\BOOKMARK [1][-]{section.1.3}{B - Die B\374rger}{chapter.1}% 12
\BOOKMARK [2][-]{subsection.1.3.1}{Die erste Entscheidung}{section.1.3}% 13
\BOOKMARK [2][-]{subsection.1.3.2}{Weg zur Trib\374ne I}{section.1.3}% 14
\BOOKMARK [2][-]{subsection.1.3.3}{Action X}{section.1.3}% 15
\BOOKMARK [2][-]{subsection.1.3.4}{Die \334berzeugung}{section.1.3}% 16
\BOOKMARK [2][-]{subsection.1.3.5}{Die Ansprache}{section.1.3}% 17
\BOOKMARK [2][-]{subsection.1.3.6}{Weg zur Eroberung}{section.1.3}% 18
\BOOKMARK [2][-]{subsection.1.3.7}{Die Eroberung}{section.1.3}% 19
\BOOKMARK [1][-]{section.1.4}{C - Die Revoluzzer}{chapter.1}% 20
\BOOKMARK [2][-]{subsection.1.4.1}{Das Tribunat}{section.1.4}% 21
\BOOKMARK [2][-]{subsection.1.4.2}{Der Konflikt}{section.1.4}% 22
\BOOKMARK [2][-]{subsection.1.4.3}{die \334berzeugung}{section.1.4}% 23
\BOOKMARK [2][-]{subsection.1.4.4}{St\366rung der Ansprache \(optional\)}{section.1.4}% 24
\BOOKMARK [2][-]{subsection.1.4.5}{Die Gleichmachung oder Das Schafott}{section.1.4}% 25
